<?xml version="1.0" encoding="utf-8"?>
<TestRun id="1bf37562-09a8-4e25-8812-00f1a9c280b6" name="@MacBook-Pro 2024-08-08 03:13:37" xmlns="http://microsoft.com/schemas/VisualStudio/TeamTest/2010">
  <Times creation="2024-08-08T03:13:37.5825660+01:00" queuing="2024-08-08T03:13:37.5825660+01:00" start="2024-08-08T03:13:35.8418480+01:00" finish="2024-08-08T03:13:37.8965060+01:00" />
  <TestSettings name="default" id="305a09c5-0977-4780-927e-483c8e18b1e1">
    <Deployment runDeploymentRoot="_MacBook-Pro_2024-08-08_03_13_37" />
  </TestSettings>
  <Results>
    <UnitTestResult executionId="d6f74cea-a19f-4206-8164-d06523234a3d" testId="08deb69d-d5e0-dbf7-5af8-b1e1c5043524" testName="tests.UnitTest1.Test1" computerName="MacBook-Pro" duration="00:00:00.0010802" startTime="2024-08-08T03:13:36.4334850+01:00" endTime="2024-08-08T03:13:36.4335180+01:00" testType="13cdc9d9-ddb5-4fa4-a97d-d965ccfc6d4b" outcome="Passed" testListId="8c84fa94-04c1-424b-9868-57a2d4851a1d" relativeResultsDirectory="d6f74cea-a19f-4206-8164-d06523234a3d" />
    <UnitTestResult executionId="f2236aba-a67e-495b-8ebf-6938bfd25102" testId="422fceec-7da3-f239-14e5-49367912d1b3" testName="tests.Controllers.SpecialiteControllerTests.TestCRUDOperations(createStatusCode: Created, getByIdStatusCode: OK, getAllStatusCode: OK, deleteStatusCode: NoContent)" computerName="MacBook-Pro" duration="00:00:01.4345937" startTime="2024-08-08T03:13:37.8639990+01:00" endTime="2024-08-08T03:13:37.8640000+01:00" testType="13cdc9d9-ddb5-4fa4-a97d-d965ccfc6d4b" outcome="Passed" testListId="8c84fa94-04c1-424b-9868-57a2d4851a1d" relativeResultsDirectory="f2236aba-a67e-495b-8ebf-6938bfd25102">
      <Output>
        <StdOut>Create operation succeeded. Status code: Created
Create Specialite status code: Created
Get by ID operation succeeded. Status code: OK
Get Specialite by ID status code: OK
Get all operation succeeded. Status code: OK
Get All Specialites status code: OK
Delete operation succeeded. Status code: NoContent
Delete Specialite status code: NoContent</StdOut>
      </Output>
    </UnitTestResult>
    <UnitTestResult executionId="d6ea9756-0318-405c-8528-b2d721e3b6ff" testId="d48bd680-6c36-badc-0901-a70ec84dc3e0" testName="tests.Controllers.CountryControllerTests.Test1" computerName="MacBook-Pro" duration="00:00:00.1580814" startTime="2024-08-08T03:13:36.5875400+01:00" endTime="2024-08-08T03:13:36.5875410+01:00" testType="13cdc9d9-ddb5-4fa4-a97d-d965ccfc6d4b" outcome="Passed" testListId="8c84fa94-04c1-424b-9868-57a2d4851a1d" relativeResultsDirectory="d6ea9756-0318-405c-8528-b2d721e3b6ff" />
    <UnitTestResult executionId="0323a5eb-d180-413d-877b-0f011b8aff45" testId="bcad213d-07ec-cc05-ff70-a4a8b4550430" testName="tests.Controllers.CountryControllerTests.TestCRUDOperations(createStatusCode: Created, getByIdStatusCode: OK, getAllStatusCode: OK, deleteStatusCode: NoContent)" computerName="MacBook-Pro" duration="00:00:01.2741532" startTime="2024-08-08T03:13:37.8632470+01:00" endTime="2024-08-08T03:13:37.8632470+01:00" testType="13cdc9d9-ddb5-4fa4-a97d-d965ccfc6d4b" outcome="Passed" testListId="8c84fa94-04c1-424b-9868-57a2d4851a1d" relativeResultsDirectory="0323a5eb-d180-413d-877b-0f011b8aff45">
      <Output>
        <StdOut>Create operation succeeded. Status code: Created
Created Country ID: 66b429d04e771310e8f28317
Get by ID operation succeeded. Status code: OK
Country Retrieved by ID: 66b429d04e771310e8f28317
Get all operation succeeded. Status code: OK
Delete operation succeeded. Status code: NoContent
Deleted Country with ID: 66b429d04e771310e8f28317</StdOut>
      </Output>
    </UnitTestResult>
  </Results>
  <TestDefinitions>
    <UnitTest name="tests.Controllers.CountryControllerTests.TestCRUDOperations(createStatusCode: Created, getByIdStatusCode: OK, getAllStatusCode: OK, deleteStatusCode: NoContent)" storage="/users/mac/documents/github/sghartoon-app/backend/tests/bin/debug/net7.0/tests.dll" id="bcad213d-07ec-cc05-ff70-a4a8b4550430">
      <Execution id="0323a5eb-d180-413d-877b-0f011b8aff45" />
      <TestMethod codeBase="/Users/MAC/Documents/GitHub/sghartoon-app/backend/tests/bin/Debug/net7.0/TESTS.dll" adapterTypeName="executor://xunit/VsTestRunner2/netcoreapp" className="tests.Controllers.CountryControllerTests" name="TestCRUDOperations" />
    </UnitTest>
    <UnitTest name="tests.Controllers.SpecialiteControllerTests.TestCRUDOperations(createStatusCode: Created, getByIdStatusCode: OK, getAllStatusCode: OK, deleteStatusCode: NoContent)" storage="/users/mac/documents/github/sghartoon-app/backend/tests/bin/debug/net7.0/tests.dll" id="422fceec-7da3-f239-14e5-49367912d1b3">
      <Execution id="f2236aba-a67e-495b-8ebf-6938bfd25102" />
      <TestMethod codeBase="/Users/MAC/Documents/GitHub/sghartoon-app/backend/tests/bin/Debug/net7.0/TESTS.dll" adapterTypeName="executor://xunit/VsTestRunner2/netcoreapp" className="tests.Controllers.SpecialiteControllerTests" name="TestCRUDOperations" />
    </UnitTest>
    <UnitTest name="tests.Controllers.CountryControllerTests.Test1" storage="/users/mac/documents/github/sghartoon-app/backend/tests/bin/debug/net7.0/tests.dll" id="d48bd680-6c36-badc-0901-a70ec84dc3e0">
      <Execution id="d6ea9756-0318-405c-8528-b2d721e3b6ff" />
      <TestMethod codeBase="/Users/MAC/Documents/GitHub/sghartoon-app/backend/tests/bin/Debug/net7.0/TESTS.dll" adapterTypeName="executor://xunit/VsTestRunner2/netcoreapp" className="tests.Controllers.CountryControllerTests" name="Test1" />
    </UnitTest>
    <UnitTest name="tests.UnitTest1.Test1" storage="/users/mac/documents/github/sghartoon-app/backend/tests/bin/debug/net7.0/tests.dll" id="08deb69d-d5e0-dbf7-5af8-b1e1c5043524">
      <Execution id="d6f74cea-a19f-4206-8164-d06523234a3d" />
      <TestMethod codeBase="/Users/MAC/Documents/GitHub/sghartoon-app/backend/tests/bin/Debug/net7.0/TESTS.dll" adapterTypeName="executor://xunit/VsTestRunner2/netcoreapp" className="tests.UnitTest1" name="Test1" />
    </UnitTest>
  </TestDefinitions>
  <TestEntries>
    <TestEntry testId="08deb69d-d5e0-dbf7-5af8-b1e1c5043524" executionId="d6f74cea-a19f-4206-8164-d06523234a3d" testListId="8c84fa94-04c1-424b-9868-57a2d4851a1d" />
    <TestEntry testId="422fceec-7da3-f239-14e5-49367912d1b3" executionId="f2236aba-a67e-495b-8ebf-6938bfd25102" testListId="8c84fa94-04c1-424b-9868-57a2d4851a1d" />
    <TestEntry testId="d48bd680-6c36-badc-0901-a70ec84dc3e0" executionId="d6ea9756-0318-405c-8528-b2d721e3b6ff" testListId="8c84fa94-04c1-424b-9868-57a2d4851a1d" />
    <TestEntry testId="bcad213d-07ec-cc05-ff70-a4a8b4550430" executionId="0323a5eb-d180-413d-877b-0f011b8aff45" testListId="8c84fa94-04c1-424b-9868-57a2d4851a1d" />
  </TestEntries>
  <TestLists>
    <TestList name="Results Not in a List" id="8c84fa94-04c1-424b-9868-57a2d4851a1d" />
    <TestList name="All Loaded Results" id="19431567-8539-422a-85d7-44ee4e166bda" />
  </TestLists>
  <ResultSummary outcome="Completed">
    <Counters total="4" executed="4" passed="4" failed="0" error="0" timeout="0" aborted="0" inconclusive="0" passedButRunAborted="0" notRunnable="0" notExecuted="0" disconnected="0" warning="0" completed="0" inProgress="0" pending="0" />
    <Output>
      <StdOut>[xUnit.net 00:00:00.00] xUnit.net VSTest Adapter v2.4.5+1caef2f33e (64-bit .NET 7.0.19)
[xUnit.net 00:00:00.32]   Discovering: TESTS
[xUnit.net 00:00:00.34]   Discovered:  TESTS
[xUnit.net 00:00:00.34]   Starting:    TESTS
[xUnit.net 00:00:01.80]   Finished:    TESTS
</StdOut>
    </Output>
  </ResultSummary>
</TestRun>